<?xml version="1.0" encoding="UTF-8"?>
<testsuite xmlns:xsi="http://www.w3.org/2001/XMLSchema-instance" xsi:noNamespaceSchemaLocation="https://maven.apache.org/surefire/maven-surefire-plugin/xsd/surefire-test-report-3.0.xsd" version="3.0" name="com.thecat.user.endpoint.UserResourceTest" time="11.224" tests="1" errors="0" skipped="0" failures="0">
  <properties>
    <property name="gopherProxySet" value="false"/>
    <property name="awt.toolkit" value="sun.lwawt.macosx.LWCToolkit"/>
    <property name="java.specification.version" value="11"/>
    <property name="sun.cpu.isalist" value=""/>
    <property name="test.url" value="http://localhost:8081"/>
    <property name="sun.jnu.encoding" value="UTF-8"/>
    <property name="java.class.path" value="/Users/froberge/projects/repository/github/sandbox/user-service-mongodb/target/test-classes:/Users/froberge/projects/repository/github/sandbox/user-service-mongodb/target/classes:/Users/froberge/.m2/repository/io/quarkus/quarkus-resteasy-jackson/2.0.2.Final/quarkus-resteasy-jackson-2.0.2.Final.jar:/Users/froberge/.m2/repository/io/quarkus/quarkus-jackson/2.0.2.Final/quarkus-jackson-2.0.2.Final.jar:/Users/froberge/.m2/repository/com/fasterxml/jackson/core/jackson-databind/2.12.4/jackson-databind-2.12.4.jar:/Users/froberge/.m2/repository/com/fasterxml/jackson/datatype/jackson-datatype-jsr310/2.12.4/jackson-datatype-jsr310-2.12.4.jar:/Users/froberge/.m2/repository/com/fasterxml/jackson/datatype/jackson-datatype-jdk8/2.12.4/jackson-datatype-jdk8-2.12.4.jar:/Users/froberge/.m2/repository/com/fasterxml/jackson/module/jackson-module-parameter-names/2.12.4/jackson-module-parameter-names-2.12.4.jar:/Users/froberge/.m2/repository/org/jboss/resteasy/resteasy-jackson2-provider/4.6.1.Final/resteasy-jackson2-provider-4.6.1.Final.jar:/Users/froberge/.m2/repository/com/fasterxml/jackson/core/jackson-core/2.12.4/jackson-core-2.12.4.jar:/Users/froberge/.m2/repository/com/fasterxml/jackson/core/jackson-annotations/2.12.4/jackson-annotations-2.12.4.jar:/Users/froberge/.m2/repository/com/fasterxml/jackson/jaxrs/jackson-jaxrs-json-provider/2.12.4/jackson-jaxrs-json-provider-2.12.4.jar:/Users/froberge/.m2/repository/com/fasterxml/jackson/jaxrs/jackson-jaxrs-base/2.12.4/jackson-jaxrs-base-2.12.4.jar:/Users/froberge/.m2/repository/com/fasterxml/jackson/module/jackson-module-jaxb-annotations/2.12.4/jackson-module-jaxb-annotations-2.12.4.jar:/Users/froberge/.m2/repository/com/github/java-json-tools/json-patch/1.13/json-patch-1.13.jar:/Users/froberge/.m2/repository/com/github/java-json-tools/msg-simple/1.2/msg-simple-1.2.jar:/Users/froberge/.m2/repository/com/github/java-json-tools/btf/1.3/btf-1.3.jar:/Users/froberge/.m2/repository/com/github/java-json-tools/jackson-coreutils/2.0/jackson-coreutils-2.0.jar:/Users/froberge/.m2/repository/org/jboss/logging/jboss-logging/3.4.2.Final/jboss-logging-3.4.2.Final.jar:/Users/froberge/.m2/repository/org/jboss/spec/javax/xml/bind/jboss-jaxb-api_2.3_spec/2.0.0.Final/jboss-jaxb-api_2.3_spec-2.0.0.Final.jar:/Users/froberge/.m2/repository/io/quarkus/quarkus-mongodb-panache/2.0.2.Final/quarkus-mongodb-panache-2.0.2.Final.jar:/Users/froberge/.m2/repository/io/quarkus/quarkus-core/2.0.2.Final/quarkus-core-2.0.2.Final.jar:/Users/froberge/.m2/repository/jakarta/annotation/jakarta.annotation-api/1.3.5/jakarta.annotation-api-1.3.5.jar:/Users/froberge/.m2/repository/jakarta/enterprise/jakarta.enterprise.cdi-api/2.0.2/jakarta.enterprise.cdi-api-2.0.2.jar:/Users/froberge/.m2/repository/jakarta/el/jakarta.el-api/3.0.3/jakarta.el-api-3.0.3.jar:/Users/froberge/.m2/repository/jakarta/interceptor/jakarta.interceptor-api/1.2.5/jakarta.interceptor-api-1.2.5.jar:/Users/froberge/.m2/repository/jakarta/inject/jakarta.inject-api/1.0/jakarta.inject-api-1.0.jar:/Users/froberge/.m2/repository/io/quarkus/quarkus-ide-launcher/2.0.2.Final/quarkus-ide-launcher-2.0.2.Final.jar:/Users/froberge/.m2/repository/io/quarkus/quarkus-development-mode-spi/2.0.2.Final/quarkus-development-mode-spi-2.0.2.Final.jar:/Users/froberge/.m2/repository/io/smallrye/config/smallrye-config/2.3.0/smallrye-config-2.3.0.jar:/Users/froberge/.m2/repository/io/smallrye/config/smallrye-config-core/2.3.0/smallrye-config-core-2.3.0.jar:/Users/froberge/.m2/repository/org/eclipse/microprofile/config/microprofile-config-api/2.0/microprofile-config-api-2.0.jar:/Users/froberge/.m2/repository/io/smallrye/common/smallrye-common-annotation/1.6.0/smallrye-common-annotation-1.6.0.jar:/Users/froberge/.m2/repository/io/smallrye/common/smallrye-common-expression/1.6.0/smallrye-common-expression-1.6.0.jar:/Users/froberge/.m2/repository/io/smallrye/common/smallrye-common-function/1.6.0/smallrye-common-function-1.6.0.jar:/Users/froberge/.m2/repository/io/smallrye/common/smallrye-common-constraint/1.6.0/smallrye-common-constraint-1.6.0.jar:/Users/froberge/.m2/repository/io/smallrye/common/smallrye-common-classloader/1.6.0/smallrye-common-classloader-1.6.0.jar:/Users/froberge/.m2/repository/io/smallrye/config/smallrye-config-common/2.3.0/smallrye-config-common-2.3.0.jar:/Users/froberge/.m2/repository/org/jboss/logmanager/jboss-logmanager-embedded/1.0.9/jboss-logmanager-embedded-1.0.9.jar:/Users/froberge/.m2/repository/org/jboss/logging/jboss-logging-annotations/2.2.1.Final/jboss-logging-annotations-2.2.1.Final.jar:/Users/froberge/.m2/repository/org/jboss/threads/jboss-threads/3.4.0.Final/jboss-threads-3.4.0.Final.jar:/Users/froberge/.m2/repository/org/slf4j/slf4j-api/1.7.30/slf4j-api-1.7.30.jar:/Users/froberge/.m2/repository/org/jboss/slf4j/slf4j-jboss-logmanager/1.1.0.Final/slf4j-jboss-logmanager-1.1.0.Final.jar:/Users/froberge/.m2/repository/org/graalvm/sdk/graal-sdk/21.1.0/graal-sdk-21.1.0.jar:/Users/froberge/.m2/repository/org/wildfly/common/wildfly-common/1.5.4.Final-format-001/wildfly-common-1.5.4.Final-format-001.jar:/Users/froberge/.m2/repository/io/quarkus/quarkus-bootstrap-runner/2.0.2.Final/quarkus-bootstrap-runner-2.0.2.Final.jar:/Users/froberge/.m2/repository/io/quarkus/quarkus-panache-common/2.0.2.Final/quarkus-panache-common-2.0.2.Final.jar:/Users/froberge/.m2/repository/io/quarkus/quarkus-mongodb-panache-common/2.0.2.Final/quarkus-mongodb-panache-common-2.0.2.Final.jar:/Users/froberge/.m2/repository/io/quarkus/quarkus-mongodb-client/2.0.2.Final/quarkus-mongodb-client-2.0.2.Final.jar:/Users/froberge/.m2/repository/io/quarkus/quarkus-mutiny-reactive-streams-operators/2.0.2.Final/quarkus-mutiny-reactive-streams-operators-2.0.2.Final.jar:/Users/froberge/.m2/repository/org/eclipse/microprofile/reactive-streams-operators/microprofile-reactive-streams-operators-api/1.0.1/microprofile-reactive-streams-operators-api-1.0.1.jar:/Users/froberge/.m2/repository/org/eclipse/microprofile/reactive-streams-operators/microprofile-reactive-streams-operators-core/1.0.1/microprofile-reactive-streams-operators-core-1.0.1.jar:/Users/froberge/.m2/repository/io/smallrye/reactive/mutiny-reactive-streams-operators/0.17.0/mutiny-reactive-streams-operators-0.17.0.jar:/Users/froberge/.m2/repository/org/mongodb/mongodb-driver-sync/4.2.3/mongodb-driver-sync-4.2.3.jar:/Users/froberge/.m2/repository/org/mongodb/bson/4.2.3/bson-4.2.3.jar:/Users/froberge/.m2/repository/org/mongodb/mongodb-driver-core/4.2.3/mongodb-driver-core-4.2.3.jar:/Users/froberge/.m2/repository/org/mongodb/mongodb-driver-reactivestreams/4.2.3/mongodb-driver-reactivestreams-4.2.3.jar:/Users/froberge/.m2/repository/org/reactivestreams/reactive-streams/1.0.3/reactive-streams-1.0.3.jar:/Users/froberge/.m2/repository/io/projectreactor/reactor-core/3.4.5/reactor-core-3.4.5.jar:/Users/froberge/.m2/repository/org/mongodb/mongodb-crypt/1.2.0/mongodb-crypt-1.2.0.jar:/Users/froberge/.m2/repository/net/java/dev/jna/jna/5.3.1/jna-5.3.1.jar:/Users/froberge/.m2/repository/io/quarkus/quarkus-panacheql/2.0.2.Final/quarkus-panacheql-2.0.2.Final.jar:/Users/froberge/.m2/repository/org/antlr/antlr4-runtime/4.8/antlr4-runtime-4.8.jar:/Users/froberge/.m2/repository/io/quarkus/quarkus-narayana-jta/2.0.2.Final/quarkus-narayana-jta-2.0.2.Final.jar:/Users/froberge/.m2/repository/io/smallrye/smallrye-context-propagation-jta/1.2.0/smallrye-context-propagation-jta-1.2.0.jar:/Users/froberge/.m2/repository/io/smallrye/reactive/smallrye-reactive-converter-api/2.6.0/smallrye-reactive-converter-api-2.6.0.jar:/Users/froberge/.m2/repository/io/smallrye/reactive/smallrye-reactive-converter-mutiny/2.6.0/smallrye-reactive-converter-mutiny-2.6.0.jar:/Users/froberge/.m2/repository/org/jboss/narayana/jta/narayana-jta/5.11.2.Final/narayana-jta-5.11.2.Final.jar:/Users/froberge/.m2/repository/org/jboss/jboss-transaction-spi/7.6.0.Final/jboss-transaction-spi-7.6.0.Final.jar:/Users/froberge/.m2/repository/org/jboss/spec/javax/resource/jboss-connector-api_1.7_spec/1.0.0.Final/jboss-connector-api_1.7_spec-1.0.0.Final.jar:/Users/froberge/.m2/repository/org/jboss/narayana/jts/narayana-jts-integration/5.11.2.Final/narayana-jts-integration-5.11.2.Final.jar:/Users/froberge/.m2/repository/io/quarkus/quarkus-resteasy/2.0.2.Final/quarkus-resteasy-2.0.2.Final.jar:/Users/froberge/.m2/repository/io/quarkus/quarkus-vertx-http/2.0.2.Final/quarkus-vertx-http-2.0.2.Final.jar:/Users/froberge/.m2/repository/io/quarkus/quarkus-security-runtime-spi/2.0.2.Final/quarkus-security-runtime-spi-2.0.2.Final.jar:/Users/froberge/.m2/repository/io/quarkus/quarkus-mutiny/2.0.2.Final/quarkus-mutiny-2.0.2.Final.jar:/Users/froberge/.m2/repository/io/smallrye/reactive/mutiny/0.17.0/mutiny-0.17.0.jar:/Users/froberge/.m2/repository/io/quarkus/quarkus-smallrye-context-propagation/2.0.2.Final/quarkus-smallrye-context-propagation-2.0.2.Final.jar:/Users/froberge/.m2/repository/io/smallrye/smallrye-context-propagation/1.2.0/smallrye-context-propagation-1.2.0.jar:/Users/froberge/.m2/repository/io/smallrye/smallrye-context-propagation-api/1.2.0/smallrye-context-propagation-api-1.2.0.jar:/Users/froberge/.m2/repository/io/smallrye/smallrye-context-propagation-storage/1.2.0/smallrye-context-propagation-storage-1.2.0.jar:/Users/froberge/.m2/repository/io/smallrye/reactive/mutiny-smallrye-context-propagation/0.17.0/mutiny-smallrye-context-propagation-0.17.0.jar:/Users/froberge/.m2/repository/io/quarkus/quarkus-vertx-http-dev-console-runtime-spi/2.0.2.Final/quarkus-vertx-http-dev-console-runtime-spi-2.0.2.Final.jar:/Users/froberge/.m2/repository/io/quarkus/security/quarkus-security/1.1.4.Final/quarkus-security-1.1.4.Final.jar:/Users/froberge/.m2/repository/io/quarkus/quarkus-vertx-core/2.0.2.Final/quarkus-vertx-core-2.0.2.Final.jar:/Users/froberge/.m2/repository/io/quarkus/quarkus-netty/2.0.2.Final/quarkus-netty-2.0.2.Final.jar:/Users/froberge/.m2/repository/io/netty/netty-codec/4.1.65.Final/netty-codec-4.1.65.Final.jar:/Users/froberge/.m2/repository/io/netty/netty-codec-http/4.1.65.Final/netty-codec-http-4.1.65.Final.jar:/Users/froberge/.m2/repository/io/netty/netty-codec-http2/4.1.65.Final/netty-codec-http2-4.1.65.Final.jar:/Users/froberge/.m2/repository/io/netty/netty-handler/4.1.65.Final/netty-handler-4.1.65.Final.jar:/Users/froberge/.m2/repository/io/netty/netty-codec-haproxy/4.1.65.Final/netty-codec-haproxy-4.1.65.Final.jar:/Users/froberge/.m2/repository/io/netty/netty-buffer/4.1.65.Final/netty-buffer-4.1.65.Final.jar:/Users/froberge/.m2/repository/io/netty/netty-transport/4.1.65.Final/netty-transport-4.1.65.Final.jar:/Users/froberge/.m2/repository/io/vertx/vertx-core/4.1.0/vertx-core-4.1.0.jar:/Users/froberge/.m2/repository/io/netty/netty-common/4.1.65.Final/netty-common-4.1.65.Final.jar:/Users/froberge/.m2/repository/io/netty/netty-handler-proxy/4.1.65.Final/netty-handler-proxy-4.1.65.Final.jar:/Users/froberge/.m2/repository/io/netty/netty-codec-socks/4.1.65.Final/netty-codec-socks-4.1.65.Final.jar:/Users/froberge/.m2/repository/io/netty/netty-resolver/4.1.65.Final/netty-resolver-4.1.65.Final.jar:/Users/froberge/.m2/repository/io/netty/netty-resolver-dns/4.1.65.Final/netty-resolver-dns-4.1.65.Final.jar:/Users/froberge/.m2/repository/io/netty/netty-codec-dns/4.1.65.Final/netty-codec-dns-4.1.65.Final.jar:/Users/froberge/.m2/repository/io/vertx/vertx-web/4.1.0/vertx-web-4.1.0.jar:/Users/froberge/.m2/repository/io/vertx/vertx-web-common/4.1.0/vertx-web-common-4.1.0.jar:/Users/froberge/.m2/repository/io/vertx/vertx-auth-common/4.1.0/vertx-auth-common-4.1.0.jar:/Users/froberge/.m2/repository/io/vertx/vertx-bridge-common/4.1.0/vertx-bridge-common-4.1.0.jar:/Users/froberge/.m2/repository/io/quarkus/quarkus-resteasy-server-common/2.0.2.Final/quarkus-resteasy-server-common-2.0.2.Final.jar:/Users/froberge/.m2/repository/io/quarkus/quarkus-resteasy-common/2.0.2.Final/quarkus-resteasy-common-2.0.2.Final.jar:/Users/froberge/.m2/repository/org/jboss/resteasy/resteasy-core/4.6.1.Final/resteasy-core-4.6.1.Final.jar:/Users/froberge/.m2/repository/org/jboss/spec/javax/ws/rs/jboss-jaxrs-api_2.1_spec/2.0.1.Final/jboss-jaxrs-api_2.1_spec-2.0.1.Final.jar:/Users/froberge/.m2/repository/org/jboss/resteasy/resteasy-core-spi/4.6.1.Final/resteasy-core-spi-4.6.1.Final.jar:/Users/froberge/.m2/repository/com/ibm/async/asyncutil/0.1.0/asyncutil-0.1.0.jar:/Users/froberge/.m2/repository/com/sun/activation/jakarta.activation/1.2.1/jakarta.activation-1.2.1.jar:/Users/froberge/.m2/repository/jakarta/validation/jakarta.validation-api/2.0.2/jakarta.validation-api-2.0.2.jar:/Users/froberge/.m2/repository/io/quarkus/quarkus-arc/2.0.2.Final/quarkus-arc-2.0.2.Final.jar:/Users/froberge/.m2/repository/io/quarkus/arc/arc/2.0.2.Final/arc-2.0.2.Final.jar:/Users/froberge/.m2/repository/jakarta/transaction/jakarta.transaction-api/1.3.3/jakarta.transaction-api-1.3.3.jar:/Users/froberge/.m2/repository/org/eclipse/microprofile/context-propagation/microprofile-context-propagation-api/1.2/microprofile-context-propagation-api-1.2.jar:/Users/froberge/.m2/repository/io/quarkus/quarkus-junit5/2.0.2.Final/quarkus-junit5-2.0.2.Final.jar:/Users/froberge/.m2/repository/io/quarkus/quarkus-bootstrap-core/2.0.2.Final/quarkus-bootstrap-core-2.0.2.Final.jar:/Users/froberge/.m2/repository/io/quarkus/quarkus-bootstrap-app-model/2.0.2.Final/quarkus-bootstrap-app-model-2.0.2.Final.jar:/Users/froberge/.m2/repository/io/quarkus/quarkus-bootstrap-maven-resolver/2.0.2.Final/quarkus-bootstrap-maven-resolver-2.0.2.Final.jar:/Users/froberge/.m2/repository/org/apache/maven/maven-embedder/3.8.1/maven-embedder-3.8.1.jar:/Users/froberge/.m2/repository/org/apache/maven/maven-settings/3.8.1/maven-settings-3.8.1.jar:/Users/froberge/.m2/repository/org/apache/maven/maven-core/3.8.1/maven-core-3.8.1.jar:/Users/froberge/.m2/repository/org/apache/maven/maven-artifact/3.8.1/maven-artifact-3.8.1.jar:/Users/froberge/.m2/repository/org/codehaus/plexus/plexus-component-annotations/2.1.0/plexus-component-annotations-2.1.0.jar:/Users/froberge/.m2/repository/org/apache/maven/maven-plugin-api/3.8.1/maven-plugin-api-3.8.1.jar:/Users/froberge/.m2/repository/org/apache/maven/maven-model/3.8.1/maven-model-3.8.1.jar:/Users/froberge/.m2/repository/org/apache/maven/maven-model-builder/3.8.1/maven-model-builder-3.8.1.jar:/Users/froberge/.m2/repository/org/apache/maven/maven-builder-support/3.8.1/maven-builder-support-3.8.1.jar:/Users/froberge/.m2/repository/org/apache/maven/resolver/maven-resolver-api/1.6.2/maven-resolver-api-1.6.2.jar:/Users/froberge/.m2/repository/org/apache/maven/resolver/maven-resolver-util/1.6.2/maven-resolver-util-1.6.2.jar:/Users/froberge/.m2/repository/org/apache/maven/shared/maven-shared-utils/3.3.3/maven-shared-utils-3.3.3.jar:/Users/froberge/.m2/repository/commons-io/commons-io/2.8.0/commons-io-2.8.0.jar:/Users/froberge/.m2/repository/com/google/inject/guice/4.2.1/guice-4.2.1-no_aop.jar:/Users/froberge/.m2/repository/com/google/guava/guava/30.1.1-jre/guava-30.1.1-jre.jar:/Users/froberge/.m2/repository/com/google/guava/failureaccess/1.0.1/failureaccess-1.0.1.jar:/Users/froberge/.m2/repository/com/google/guava/listenablefuture/9999.0-empty-to-avoid-conflict-with-guava/listenablefuture-9999.0-empty-to-avoid-conflict-with-guava.jar:/Users/froberge/.m2/repository/org/codehaus/plexus/plexus-utils/3.2.1/plexus-utils-3.2.1.jar:/Users/froberge/.m2/repository/org/codehaus/plexus/plexus-classworlds/2.6.0/plexus-classworlds-2.6.0.jar:/Users/froberge/.m2/repository/commons-cli/commons-cli/1.4/commons-cli-1.4.jar:/Users/froberge/.m2/repository/org/eclipse/sisu/org.eclipse.sisu.plexus/0.3.4/org.eclipse.sisu.plexus-0.3.4.jar:/Users/froberge/.m2/repository/org/apache/maven/maven-settings-builder/3.8.1/maven-settings-builder-3.8.1.jar:/Users/froberge/.m2/repository/org/codehaus/plexus/plexus-interpolation/1.25/plexus-interpolation-1.25.jar:/Users/froberge/.m2/repository/org/sonatype/plexus/plexus-sec-dispatcher/1.4/plexus-sec-dispatcher-1.4.jar:/Users/froberge/.m2/repository/org/sonatype/plexus/plexus-cipher/1.4/plexus-cipher-1.4.jar:/Users/froberge/.m2/repository/org/apache/maven/maven-resolver-provider/3.8.1/maven-resolver-provider-3.8.1.jar:/Users/froberge/.m2/repository/org/apache/maven/maven-repository-metadata/3.8.1/maven-repository-metadata-3.8.1.jar:/Users/froberge/.m2/repository/org/apache/maven/resolver/maven-resolver-spi/1.6.2/maven-resolver-spi-1.6.2.jar:/Users/froberge/.m2/repository/org/apache/maven/resolver/maven-resolver-impl/1.6.2/maven-resolver-impl-1.6.2.jar:/Users/froberge/.m2/repository/org/apache/maven/resolver/maven-resolver-connector-basic/1.6.2/maven-resolver-connector-basic-1.6.2.jar:/Users/froberge/.m2/repository/org/apache/maven/resolver/maven-resolver-transport-wagon/1.6.2/maven-resolver-transport-wagon-1.6.2.jar:/Users/froberge/.m2/repository/org/apache/maven/wagon/wagon-http/3.4.3/wagon-http-3.4.3.jar:/Users/froberge/.m2/repository/org/apache/maven/wagon/wagon-http-shared/3.4.3/wagon-http-shared-3.4.3.jar:/Users/froberge/.m2/repository/org/jsoup/jsoup/1.12.1/jsoup-1.12.1.jar:/Users/froberge/.m2/repository/org/apache/maven/wagon/wagon-provider-api/3.4.3/wagon-provider-api-3.4.3.jar:/Users/froberge/.m2/repository/org/apache/maven/wagon/wagon-file/3.4.3/wagon-file-3.4.3.jar:/Users/froberge/.m2/repository/io/quarkus/quarkus-bootstrap-gradle-resolver/2.0.2.Final/quarkus-bootstrap-gradle-resolver-2.0.2.Final.jar:/Users/froberge/.m2/repository/io/smallrye/common/smallrye-common-io/1.6.0/smallrye-common-io-1.6.0.jar:/Users/froberge/.m2/repository/org/eclipse/sisu/org.eclipse.sisu.inject/0.3.4/org.eclipse.sisu.inject-0.3.4.jar:/Users/froberge/.m2/repository/io/quarkus/quarkus-test-common/2.0.2.Final/quarkus-test-common-2.0.2.Final.jar:/Users/froberge/.m2/repository/io/quarkus/quarkus-core-deployment/2.0.2.Final/quarkus-core-deployment-2.0.2.Final.jar:/Users/froberge/.m2/repository/org/aesh/readline/2.1/readline-2.1.jar:/Users/froberge/.m2/repository/org/fusesource/jansi/jansi/1.18/jansi-1.18.jar:/Users/froberge/.m2/repository/io/quarkus/gizmo/gizmo/1.0.9.Final/gizmo-1.0.9.Final.jar:/Users/froberge/.m2/repository/org/ow2/asm/asm-util/9.1/asm-util-9.1.jar:/Users/froberge/.m2/repository/org/ow2/asm/asm-tree/9.1/asm-tree-9.1.jar:/Users/froberge/.m2/repository/org/ow2/asm/asm-analysis/9.1/asm-analysis-9.1.jar:/Users/froberge/.m2/repository/org/ow2/asm/asm/9.1/asm-9.1.jar:/Users/froberge/.m2/repository/io/quarkus/quarkus-class-change-agent/2.0.2.Final/quarkus-class-change-agent-2.0.2.Final.jar:/Users/froberge/.m2/repository/io/quarkus/quarkus-devtools-utilities/2.0.2.Final/quarkus-devtools-utilities-2.0.2.Final.jar:/Users/froberge/.m2/repository/io/quarkus/quarkus-builder/2.0.2.Final/quarkus-builder-2.0.2.Final.jar:/Users/froberge/.m2/repository/org/junit/platform/junit-platform-launcher/1.7.2/junit-platform-launcher-1.7.2.jar:/Users/froberge/.m2/repository/io/quarkus/quarkus-jsonp-deployment/2.0.2.Final/quarkus-jsonp-deployment-2.0.2.Final.jar:/Users/froberge/.m2/repository/io/quarkus/quarkus-jsonp/2.0.2.Final/quarkus-jsonp-2.0.2.Final.jar:/Users/froberge/.m2/repository/org/glassfish/jakarta.json/1.1.6/jakarta.json-1.1.6.jar:/Users/froberge/.m2/repository/org/jboss/jandex/2.3.0.Final/jandex-2.3.0.Final.jar:/Users/froberge/.m2/repository/org/jboss/logging/commons-logging-jboss-logging/1.0.0.Final/commons-logging-jboss-logging-1.0.0.Final.jar:/Users/froberge/.m2/repository/org/junit/jupiter/junit-jupiter/5.7.2/junit-jupiter-5.7.2.jar:/Users/froberge/.m2/repository/org/junit/jupiter/junit-jupiter-api/5.7.2/junit-jupiter-api-5.7.2.jar:/Users/froberge/.m2/repository/org/apiguardian/apiguardian-api/1.1.0/apiguardian-api-1.1.0.jar:/Users/froberge/.m2/repository/org/opentest4j/opentest4j/1.2.0/opentest4j-1.2.0.jar:/Users/froberge/.m2/repository/org/junit/platform/junit-platform-commons/1.7.2/junit-platform-commons-1.7.2.jar:/Users/froberge/.m2/repository/org/junit/jupiter/junit-jupiter-params/5.7.2/junit-jupiter-params-5.7.2.jar:/Users/froberge/.m2/repository/org/junit/jupiter/junit-jupiter-engine/5.7.2/junit-jupiter-engine-5.7.2.jar:/Users/froberge/.m2/repository/org/junit/platform/junit-platform-engine/1.7.2/junit-platform-engine-1.7.2.jar:/Users/froberge/.m2/repository/com/thoughtworks/xstream/xstream/1.4.17/xstream-1.4.17.jar:/Users/froberge/.m2/repository/io/github/x-stream/mxparser/1.2.1/mxparser-1.2.1.jar:/Users/froberge/.m2/repository/xmlpull/xmlpull/1.1.3.1/xmlpull-1.1.3.1.jar:/Users/froberge/.m2/repository/io/rest-assured/rest-assured/4.4.0/rest-assured-4.4.0.jar:/Users/froberge/.m2/repository/org/codehaus/groovy/groovy/3.0.8/groovy-3.0.8.jar:/Users/froberge/.m2/repository/org/codehaus/groovy/groovy-xml/3.0.8/groovy-xml-3.0.8.jar:/Users/froberge/.m2/repository/org/apache/httpcomponents/httpclient/4.5.13/httpclient-4.5.13.jar:/Users/froberge/.m2/repository/org/apache/httpcomponents/httpcore/4.4.14/httpcore-4.4.14.jar:/Users/froberge/.m2/repository/commons-codec/commons-codec/1.15/commons-codec-1.15.jar:/Users/froberge/.m2/repository/org/apache/httpcomponents/httpmime/4.5.13/httpmime-4.5.13.jar:/Users/froberge/.m2/repository/org/hamcrest/hamcrest/2.1/hamcrest-2.1.jar:/Users/froberge/.m2/repository/org/ccil/cowan/tagsoup/tagsoup/1.2.1/tagsoup-1.2.1.jar:/Users/froberge/.m2/repository/io/rest-assured/json-path/4.4.0/json-path-4.4.0.jar:/Users/froberge/.m2/repository/org/codehaus/groovy/groovy-json/3.0.8/groovy-json-3.0.8.jar:/Users/froberge/.m2/repository/io/rest-assured/rest-assured-common/4.4.0/rest-assured-common-4.4.0.jar:/Users/froberge/.m2/repository/io/rest-assured/xml-path/4.4.0/xml-path-4.4.0.jar:/Users/froberge/.m2/repository/org/apache/commons/commons-lang3/3.12.0/commons-lang3-3.12.0.jar:/Users/froberge/.m2/repository/jakarta/xml/bind/jakarta.xml.bind-api/2.3.3/jakarta.xml.bind-api-2.3.3.jar:/Users/froberge/.m2/repository/jakarta/activation/jakarta.activation-api/1.2.1/jakarta.activation-api-1.2.1.jar:/Users/froberge/.m2/repository/com/sun/xml/bind/jaxb-impl/2.3.3/jaxb-impl-2.3.3.jar:"/>
    <property name="java.vm.vendor" value="GraalVM Community"/>
    <property name="sun.arch.data.model" value="64"/>
    <property name="java.vendor.url" value="https://www.graalvm.org/"/>
    <property name="user.timezone" value="America/Toronto"/>
    <property name="java.vm.specification.version" value="11"/>
    <property name="os.name" value="Mac OS X"/>
    <property name="sun.java.launcher" value="SUN_STANDARD"/>
    <property name="user.country" value="CA"/>
    <property name="sun.boot.library.path" value="/Library/Java/JavaVirtualMachines/graalvm-ce-java11-21.1.0/Contents/Home/lib"/>
    <property name="sun.java.command" value="/Users/froberge/projects/repository/github/sandbox/user-service-mongodb/target/surefire/surefirebooter9871842837295723774.jar /Users/froberge/projects/repository/github/sandbox/user-service-mongodb/target/surefire 2021-07-21T14-28-53_594-jvmRun1 surefire18301262419986086452tmp surefire_012529938856684486795tmp"/>
    <property name="jdk.debug" value="release"/>
    <property name="maven.home" value="/Users/froberge/.m2/wrapper/dists/apache-maven-3.8.1-bin/2l5mhf2pq2clrde7f7qp1rdt5m/apache-maven-3.8.1"/>
    <property name="surefire.test.class.path" value="/Users/froberge/projects/repository/github/sandbox/user-service-mongodb/target/test-classes:/Users/froberge/projects/repository/github/sandbox/user-service-mongodb/target/classes:/Users/froberge/.m2/repository/io/quarkus/quarkus-resteasy-jackson/2.0.2.Final/quarkus-resteasy-jackson-2.0.2.Final.jar:/Users/froberge/.m2/repository/io/quarkus/quarkus-jackson/2.0.2.Final/quarkus-jackson-2.0.2.Final.jar:/Users/froberge/.m2/repository/com/fasterxml/jackson/core/jackson-databind/2.12.4/jackson-databind-2.12.4.jar:/Users/froberge/.m2/repository/com/fasterxml/jackson/datatype/jackson-datatype-jsr310/2.12.4/jackson-datatype-jsr310-2.12.4.jar:/Users/froberge/.m2/repository/com/fasterxml/jackson/datatype/jackson-datatype-jdk8/2.12.4/jackson-datatype-jdk8-2.12.4.jar:/Users/froberge/.m2/repository/com/fasterxml/jackson/module/jackson-module-parameter-names/2.12.4/jackson-module-parameter-names-2.12.4.jar:/Users/froberge/.m2/repository/org/jboss/resteasy/resteasy-jackson2-provider/4.6.1.Final/resteasy-jackson2-provider-4.6.1.Final.jar:/Users/froberge/.m2/repository/com/fasterxml/jackson/core/jackson-core/2.12.4/jackson-core-2.12.4.jar:/Users/froberge/.m2/repository/com/fasterxml/jackson/core/jackson-annotations/2.12.4/jackson-annotations-2.12.4.jar:/Users/froberge/.m2/repository/com/fasterxml/jackson/jaxrs/jackson-jaxrs-json-provider/2.12.4/jackson-jaxrs-json-provider-2.12.4.jar:/Users/froberge/.m2/repository/com/fasterxml/jackson/jaxrs/jackson-jaxrs-base/2.12.4/jackson-jaxrs-base-2.12.4.jar:/Users/froberge/.m2/repository/com/fasterxml/jackson/module/jackson-module-jaxb-annotations/2.12.4/jackson-module-jaxb-annotations-2.12.4.jar:/Users/froberge/.m2/repository/com/github/java-json-tools/json-patch/1.13/json-patch-1.13.jar:/Users/froberge/.m2/repository/com/github/java-json-tools/msg-simple/1.2/msg-simple-1.2.jar:/Users/froberge/.m2/repository/com/github/java-json-tools/btf/1.3/btf-1.3.jar:/Users/froberge/.m2/repository/com/github/java-json-tools/jackson-coreutils/2.0/jackson-coreutils-2.0.jar:/Users/froberge/.m2/repository/org/jboss/logging/jboss-logging/3.4.2.Final/jboss-logging-3.4.2.Final.jar:/Users/froberge/.m2/repository/org/jboss/spec/javax/xml/bind/jboss-jaxb-api_2.3_spec/2.0.0.Final/jboss-jaxb-api_2.3_spec-2.0.0.Final.jar:/Users/froberge/.m2/repository/io/quarkus/quarkus-mongodb-panache/2.0.2.Final/quarkus-mongodb-panache-2.0.2.Final.jar:/Users/froberge/.m2/repository/io/quarkus/quarkus-core/2.0.2.Final/quarkus-core-2.0.2.Final.jar:/Users/froberge/.m2/repository/jakarta/annotation/jakarta.annotation-api/1.3.5/jakarta.annotation-api-1.3.5.jar:/Users/froberge/.m2/repository/jakarta/enterprise/jakarta.enterprise.cdi-api/2.0.2/jakarta.enterprise.cdi-api-2.0.2.jar:/Users/froberge/.m2/repository/jakarta/el/jakarta.el-api/3.0.3/jakarta.el-api-3.0.3.jar:/Users/froberge/.m2/repository/jakarta/interceptor/jakarta.interceptor-api/1.2.5/jakarta.interceptor-api-1.2.5.jar:/Users/froberge/.m2/repository/jakarta/inject/jakarta.inject-api/1.0/jakarta.inject-api-1.0.jar:/Users/froberge/.m2/repository/io/quarkus/quarkus-ide-launcher/2.0.2.Final/quarkus-ide-launcher-2.0.2.Final.jar:/Users/froberge/.m2/repository/io/quarkus/quarkus-development-mode-spi/2.0.2.Final/quarkus-development-mode-spi-2.0.2.Final.jar:/Users/froberge/.m2/repository/io/smallrye/config/smallrye-config/2.3.0/smallrye-config-2.3.0.jar:/Users/froberge/.m2/repository/io/smallrye/config/smallrye-config-core/2.3.0/smallrye-config-core-2.3.0.jar:/Users/froberge/.m2/repository/org/eclipse/microprofile/config/microprofile-config-api/2.0/microprofile-config-api-2.0.jar:/Users/froberge/.m2/repository/io/smallrye/common/smallrye-common-annotation/1.6.0/smallrye-common-annotation-1.6.0.jar:/Users/froberge/.m2/repository/io/smallrye/common/smallrye-common-expression/1.6.0/smallrye-common-expression-1.6.0.jar:/Users/froberge/.m2/repository/io/smallrye/common/smallrye-common-function/1.6.0/smallrye-common-function-1.6.0.jar:/Users/froberge/.m2/repository/io/smallrye/common/smallrye-common-constraint/1.6.0/smallrye-common-constraint-1.6.0.jar:/Users/froberge/.m2/repository/io/smallrye/common/smallrye-common-classloader/1.6.0/smallrye-common-classloader-1.6.0.jar:/Users/froberge/.m2/repository/io/smallrye/config/smallrye-config-common/2.3.0/smallrye-config-common-2.3.0.jar:/Users/froberge/.m2/repository/org/jboss/logmanager/jboss-logmanager-embedded/1.0.9/jboss-logmanager-embedded-1.0.9.jar:/Users/froberge/.m2/repository/org/jboss/logging/jboss-logging-annotations/2.2.1.Final/jboss-logging-annotations-2.2.1.Final.jar:/Users/froberge/.m2/repository/org/jboss/threads/jboss-threads/3.4.0.Final/jboss-threads-3.4.0.Final.jar:/Users/froberge/.m2/repository/org/slf4j/slf4j-api/1.7.30/slf4j-api-1.7.30.jar:/Users/froberge/.m2/repository/org/jboss/slf4j/slf4j-jboss-logmanager/1.1.0.Final/slf4j-jboss-logmanager-1.1.0.Final.jar:/Users/froberge/.m2/repository/org/graalvm/sdk/graal-sdk/21.1.0/graal-sdk-21.1.0.jar:/Users/froberge/.m2/repository/org/wildfly/common/wildfly-common/1.5.4.Final-format-001/wildfly-common-1.5.4.Final-format-001.jar:/Users/froberge/.m2/repository/io/quarkus/quarkus-bootstrap-runner/2.0.2.Final/quarkus-bootstrap-runner-2.0.2.Final.jar:/Users/froberge/.m2/repository/io/quarkus/quarkus-panache-common/2.0.2.Final/quarkus-panache-common-2.0.2.Final.jar:/Users/froberge/.m2/repository/io/quarkus/quarkus-mongodb-panache-common/2.0.2.Final/quarkus-mongodb-panache-common-2.0.2.Final.jar:/Users/froberge/.m2/repository/io/quarkus/quarkus-mongodb-client/2.0.2.Final/quarkus-mongodb-client-2.0.2.Final.jar:/Users/froberge/.m2/repository/io/quarkus/quarkus-mutiny-reactive-streams-operators/2.0.2.Final/quarkus-mutiny-reactive-streams-operators-2.0.2.Final.jar:/Users/froberge/.m2/repository/org/eclipse/microprofile/reactive-streams-operators/microprofile-reactive-streams-operators-api/1.0.1/microprofile-reactive-streams-operators-api-1.0.1.jar:/Users/froberge/.m2/repository/org/eclipse/microprofile/reactive-streams-operators/microprofile-reactive-streams-operators-core/1.0.1/microprofile-reactive-streams-operators-core-1.0.1.jar:/Users/froberge/.m2/repository/io/smallrye/reactive/mutiny-reactive-streams-operators/0.17.0/mutiny-reactive-streams-operators-0.17.0.jar:/Users/froberge/.m2/repository/org/mongodb/mongodb-driver-sync/4.2.3/mongodb-driver-sync-4.2.3.jar:/Users/froberge/.m2/repository/org/mongodb/bson/4.2.3/bson-4.2.3.jar:/Users/froberge/.m2/repository/org/mongodb/mongodb-driver-core/4.2.3/mongodb-driver-core-4.2.3.jar:/Users/froberge/.m2/repository/org/mongodb/mongodb-driver-reactivestreams/4.2.3/mongodb-driver-reactivestreams-4.2.3.jar:/Users/froberge/.m2/repository/org/reactivestreams/reactive-streams/1.0.3/reactive-streams-1.0.3.jar:/Users/froberge/.m2/repository/io/projectreactor/reactor-core/3.4.5/reactor-core-3.4.5.jar:/Users/froberge/.m2/repository/org/mongodb/mongodb-crypt/1.2.0/mongodb-crypt-1.2.0.jar:/Users/froberge/.m2/repository/net/java/dev/jna/jna/5.3.1/jna-5.3.1.jar:/Users/froberge/.m2/repository/io/quarkus/quarkus-panacheql/2.0.2.Final/quarkus-panacheql-2.0.2.Final.jar:/Users/froberge/.m2/repository/org/antlr/antlr4-runtime/4.8/antlr4-runtime-4.8.jar:/Users/froberge/.m2/repository/io/quarkus/quarkus-narayana-jta/2.0.2.Final/quarkus-narayana-jta-2.0.2.Final.jar:/Users/froberge/.m2/repository/io/smallrye/smallrye-context-propagation-jta/1.2.0/smallrye-context-propagation-jta-1.2.0.jar:/Users/froberge/.m2/repository/io/smallrye/reactive/smallrye-reactive-converter-api/2.6.0/smallrye-reactive-converter-api-2.6.0.jar:/Users/froberge/.m2/repository/io/smallrye/reactive/smallrye-reactive-converter-mutiny/2.6.0/smallrye-reactive-converter-mutiny-2.6.0.jar:/Users/froberge/.m2/repository/org/jboss/narayana/jta/narayana-jta/5.11.2.Final/narayana-jta-5.11.2.Final.jar:/Users/froberge/.m2/repository/org/jboss/jboss-transaction-spi/7.6.0.Final/jboss-transaction-spi-7.6.0.Final.jar:/Users/froberge/.m2/repository/org/jboss/spec/javax/resource/jboss-connector-api_1.7_spec/1.0.0.Final/jboss-connector-api_1.7_spec-1.0.0.Final.jar:/Users/froberge/.m2/repository/org/jboss/narayana/jts/narayana-jts-integration/5.11.2.Final/narayana-jts-integration-5.11.2.Final.jar:/Users/froberge/.m2/repository/io/quarkus/quarkus-resteasy/2.0.2.Final/quarkus-resteasy-2.0.2.Final.jar:/Users/froberge/.m2/repository/io/quarkus/quarkus-vertx-http/2.0.2.Final/quarkus-vertx-http-2.0.2.Final.jar:/Users/froberge/.m2/repository/io/quarkus/quarkus-security-runtime-spi/2.0.2.Final/quarkus-security-runtime-spi-2.0.2.Final.jar:/Users/froberge/.m2/repository/io/quarkus/quarkus-mutiny/2.0.2.Final/quarkus-mutiny-2.0.2.Final.jar:/Users/froberge/.m2/repository/io/smallrye/reactive/mutiny/0.17.0/mutiny-0.17.0.jar:/Users/froberge/.m2/repository/io/quarkus/quarkus-smallrye-context-propagation/2.0.2.Final/quarkus-smallrye-context-propagation-2.0.2.Final.jar:/Users/froberge/.m2/repository/io/smallrye/smallrye-context-propagation/1.2.0/smallrye-context-propagation-1.2.0.jar:/Users/froberge/.m2/repository/io/smallrye/smallrye-context-propagation-api/1.2.0/smallrye-context-propagation-api-1.2.0.jar:/Users/froberge/.m2/repository/io/smallrye/smallrye-context-propagation-storage/1.2.0/smallrye-context-propagation-storage-1.2.0.jar:/Users/froberge/.m2/repository/io/smallrye/reactive/mutiny-smallrye-context-propagation/0.17.0/mutiny-smallrye-context-propagation-0.17.0.jar:/Users/froberge/.m2/repository/io/quarkus/quarkus-vertx-http-dev-console-runtime-spi/2.0.2.Final/quarkus-vertx-http-dev-console-runtime-spi-2.0.2.Final.jar:/Users/froberge/.m2/repository/io/quarkus/security/quarkus-security/1.1.4.Final/quarkus-security-1.1.4.Final.jar:/Users/froberge/.m2/repository/io/quarkus/quarkus-vertx-core/2.0.2.Final/quarkus-vertx-core-2.0.2.Final.jar:/Users/froberge/.m2/repository/io/quarkus/quarkus-netty/2.0.2.Final/quarkus-netty-2.0.2.Final.jar:/Users/froberge/.m2/repository/io/netty/netty-codec/4.1.65.Final/netty-codec-4.1.65.Final.jar:/Users/froberge/.m2/repository/io/netty/netty-codec-http/4.1.65.Final/netty-codec-http-4.1.65.Final.jar:/Users/froberge/.m2/repository/io/netty/netty-codec-http2/4.1.65.Final/netty-codec-http2-4.1.65.Final.jar:/Users/froberge/.m2/repository/io/netty/netty-handler/4.1.65.Final/netty-handler-4.1.65.Final.jar:/Users/froberge/.m2/repository/io/netty/netty-codec-haproxy/4.1.65.Final/netty-codec-haproxy-4.1.65.Final.jar:/Users/froberge/.m2/repository/io/netty/netty-buffer/4.1.65.Final/netty-buffer-4.1.65.Final.jar:/Users/froberge/.m2/repository/io/netty/netty-transport/4.1.65.Final/netty-transport-4.1.65.Final.jar:/Users/froberge/.m2/repository/io/vertx/vertx-core/4.1.0/vertx-core-4.1.0.jar:/Users/froberge/.m2/repository/io/netty/netty-common/4.1.65.Final/netty-common-4.1.65.Final.jar:/Users/froberge/.m2/repository/io/netty/netty-handler-proxy/4.1.65.Final/netty-handler-proxy-4.1.65.Final.jar:/Users/froberge/.m2/repository/io/netty/netty-codec-socks/4.1.65.Final/netty-codec-socks-4.1.65.Final.jar:/Users/froberge/.m2/repository/io/netty/netty-resolver/4.1.65.Final/netty-resolver-4.1.65.Final.jar:/Users/froberge/.m2/repository/io/netty/netty-resolver-dns/4.1.65.Final/netty-resolver-dns-4.1.65.Final.jar:/Users/froberge/.m2/repository/io/netty/netty-codec-dns/4.1.65.Final/netty-codec-dns-4.1.65.Final.jar:/Users/froberge/.m2/repository/io/vertx/vertx-web/4.1.0/vertx-web-4.1.0.jar:/Users/froberge/.m2/repository/io/vertx/vertx-web-common/4.1.0/vertx-web-common-4.1.0.jar:/Users/froberge/.m2/repository/io/vertx/vertx-auth-common/4.1.0/vertx-auth-common-4.1.0.jar:/Users/froberge/.m2/repository/io/vertx/vertx-bridge-common/4.1.0/vertx-bridge-common-4.1.0.jar:/Users/froberge/.m2/repository/io/quarkus/quarkus-resteasy-server-common/2.0.2.Final/quarkus-resteasy-server-common-2.0.2.Final.jar:/Users/froberge/.m2/repository/io/quarkus/quarkus-resteasy-common/2.0.2.Final/quarkus-resteasy-common-2.0.2.Final.jar:/Users/froberge/.m2/repository/org/jboss/resteasy/resteasy-core/4.6.1.Final/resteasy-core-4.6.1.Final.jar:/Users/froberge/.m2/repository/org/jboss/spec/javax/ws/rs/jboss-jaxrs-api_2.1_spec/2.0.1.Final/jboss-jaxrs-api_2.1_spec-2.0.1.Final.jar:/Users/froberge/.m2/repository/org/jboss/resteasy/resteasy-core-spi/4.6.1.Final/resteasy-core-spi-4.6.1.Final.jar:/Users/froberge/.m2/repository/com/ibm/async/asyncutil/0.1.0/asyncutil-0.1.0.jar:/Users/froberge/.m2/repository/com/sun/activation/jakarta.activation/1.2.1/jakarta.activation-1.2.1.jar:/Users/froberge/.m2/repository/jakarta/validation/jakarta.validation-api/2.0.2/jakarta.validation-api-2.0.2.jar:/Users/froberge/.m2/repository/io/quarkus/quarkus-arc/2.0.2.Final/quarkus-arc-2.0.2.Final.jar:/Users/froberge/.m2/repository/io/quarkus/arc/arc/2.0.2.Final/arc-2.0.2.Final.jar:/Users/froberge/.m2/repository/jakarta/transaction/jakarta.transaction-api/1.3.3/jakarta.transaction-api-1.3.3.jar:/Users/froberge/.m2/repository/org/eclipse/microprofile/context-propagation/microprofile-context-propagation-api/1.2/microprofile-context-propagation-api-1.2.jar:/Users/froberge/.m2/repository/io/quarkus/quarkus-junit5/2.0.2.Final/quarkus-junit5-2.0.2.Final.jar:/Users/froberge/.m2/repository/io/quarkus/quarkus-bootstrap-core/2.0.2.Final/quarkus-bootstrap-core-2.0.2.Final.jar:/Users/froberge/.m2/repository/io/quarkus/quarkus-bootstrap-app-model/2.0.2.Final/quarkus-bootstrap-app-model-2.0.2.Final.jar:/Users/froberge/.m2/repository/io/quarkus/quarkus-bootstrap-maven-resolver/2.0.2.Final/quarkus-bootstrap-maven-resolver-2.0.2.Final.jar:/Users/froberge/.m2/repository/org/apache/maven/maven-embedder/3.8.1/maven-embedder-3.8.1.jar:/Users/froberge/.m2/repository/org/apache/maven/maven-settings/3.8.1/maven-settings-3.8.1.jar:/Users/froberge/.m2/repository/org/apache/maven/maven-core/3.8.1/maven-core-3.8.1.jar:/Users/froberge/.m2/repository/org/apache/maven/maven-artifact/3.8.1/maven-artifact-3.8.1.jar:/Users/froberge/.m2/repository/org/codehaus/plexus/plexus-component-annotations/2.1.0/plexus-component-annotations-2.1.0.jar:/Users/froberge/.m2/repository/org/apache/maven/maven-plugin-api/3.8.1/maven-plugin-api-3.8.1.jar:/Users/froberge/.m2/repository/org/apache/maven/maven-model/3.8.1/maven-model-3.8.1.jar:/Users/froberge/.m2/repository/org/apache/maven/maven-model-builder/3.8.1/maven-model-builder-3.8.1.jar:/Users/froberge/.m2/repository/org/apache/maven/maven-builder-support/3.8.1/maven-builder-support-3.8.1.jar:/Users/froberge/.m2/repository/org/apache/maven/resolver/maven-resolver-api/1.6.2/maven-resolver-api-1.6.2.jar:/Users/froberge/.m2/repository/org/apache/maven/resolver/maven-resolver-util/1.6.2/maven-resolver-util-1.6.2.jar:/Users/froberge/.m2/repository/org/apache/maven/shared/maven-shared-utils/3.3.3/maven-shared-utils-3.3.3.jar:/Users/froberge/.m2/repository/commons-io/commons-io/2.8.0/commons-io-2.8.0.jar:/Users/froberge/.m2/repository/com/google/inject/guice/4.2.1/guice-4.2.1-no_aop.jar:/Users/froberge/.m2/repository/com/google/guava/guava/30.1.1-jre/guava-30.1.1-jre.jar:/Users/froberge/.m2/repository/com/google/guava/failureaccess/1.0.1/failureaccess-1.0.1.jar:/Users/froberge/.m2/repository/com/google/guava/listenablefuture/9999.0-empty-to-avoid-conflict-with-guava/listenablefuture-9999.0-empty-to-avoid-conflict-with-guava.jar:/Users/froberge/.m2/repository/org/codehaus/plexus/plexus-utils/3.2.1/plexus-utils-3.2.1.jar:/Users/froberge/.m2/repository/org/codehaus/plexus/plexus-classworlds/2.6.0/plexus-classworlds-2.6.0.jar:/Users/froberge/.m2/repository/commons-cli/commons-cli/1.4/commons-cli-1.4.jar:/Users/froberge/.m2/repository/org/eclipse/sisu/org.eclipse.sisu.plexus/0.3.4/org.eclipse.sisu.plexus-0.3.4.jar:/Users/froberge/.m2/repository/org/apache/maven/maven-settings-builder/3.8.1/maven-settings-builder-3.8.1.jar:/Users/froberge/.m2/repository/org/codehaus/plexus/plexus-interpolation/1.25/plexus-interpolation-1.25.jar:/Users/froberge/.m2/repository/org/sonatype/plexus/plexus-sec-dispatcher/1.4/plexus-sec-dispatcher-1.4.jar:/Users/froberge/.m2/repository/org/sonatype/plexus/plexus-cipher/1.4/plexus-cipher-1.4.jar:/Users/froberge/.m2/repository/org/apache/maven/maven-resolver-provider/3.8.1/maven-resolver-provider-3.8.1.jar:/Users/froberge/.m2/repository/org/apache/maven/maven-repository-metadata/3.8.1/maven-repository-metadata-3.8.1.jar:/Users/froberge/.m2/repository/org/apache/maven/resolver/maven-resolver-spi/1.6.2/maven-resolver-spi-1.6.2.jar:/Users/froberge/.m2/repository/org/apache/maven/resolver/maven-resolver-impl/1.6.2/maven-resolver-impl-1.6.2.jar:/Users/froberge/.m2/repository/org/apache/maven/resolver/maven-resolver-connector-basic/1.6.2/maven-resolver-connector-basic-1.6.2.jar:/Users/froberge/.m2/repository/org/apache/maven/resolver/maven-resolver-transport-wagon/1.6.2/maven-resolver-transport-wagon-1.6.2.jar:/Users/froberge/.m2/repository/org/apache/maven/wagon/wagon-http/3.4.3/wagon-http-3.4.3.jar:/Users/froberge/.m2/repository/org/apache/maven/wagon/wagon-http-shared/3.4.3/wagon-http-shared-3.4.3.jar:/Users/froberge/.m2/repository/org/jsoup/jsoup/1.12.1/jsoup-1.12.1.jar:/Users/froberge/.m2/repository/org/apache/maven/wagon/wagon-provider-api/3.4.3/wagon-provider-api-3.4.3.jar:/Users/froberge/.m2/repository/org/apache/maven/wagon/wagon-file/3.4.3/wagon-file-3.4.3.jar:/Users/froberge/.m2/repository/io/quarkus/quarkus-bootstrap-gradle-resolver/2.0.2.Final/quarkus-bootstrap-gradle-resolver-2.0.2.Final.jar:/Users/froberge/.m2/repository/io/smallrye/common/smallrye-common-io/1.6.0/smallrye-common-io-1.6.0.jar:/Users/froberge/.m2/repository/org/eclipse/sisu/org.eclipse.sisu.inject/0.3.4/org.eclipse.sisu.inject-0.3.4.jar:/Users/froberge/.m2/repository/io/quarkus/quarkus-test-common/2.0.2.Final/quarkus-test-common-2.0.2.Final.jar:/Users/froberge/.m2/repository/io/quarkus/quarkus-core-deployment/2.0.2.Final/quarkus-core-deployment-2.0.2.Final.jar:/Users/froberge/.m2/repository/org/aesh/readline/2.1/readline-2.1.jar:/Users/froberge/.m2/repository/org/fusesource/jansi/jansi/1.18/jansi-1.18.jar:/Users/froberge/.m2/repository/io/quarkus/gizmo/gizmo/1.0.9.Final/gizmo-1.0.9.Final.jar:/Users/froberge/.m2/repository/org/ow2/asm/asm-util/9.1/asm-util-9.1.jar:/Users/froberge/.m2/repository/org/ow2/asm/asm-tree/9.1/asm-tree-9.1.jar:/Users/froberge/.m2/repository/org/ow2/asm/asm-analysis/9.1/asm-analysis-9.1.jar:/Users/froberge/.m2/repository/org/ow2/asm/asm/9.1/asm-9.1.jar:/Users/froberge/.m2/repository/io/quarkus/quarkus-class-change-agent/2.0.2.Final/quarkus-class-change-agent-2.0.2.Final.jar:/Users/froberge/.m2/repository/io/quarkus/quarkus-devtools-utilities/2.0.2.Final/quarkus-devtools-utilities-2.0.2.Final.jar:/Users/froberge/.m2/repository/io/quarkus/quarkus-builder/2.0.2.Final/quarkus-builder-2.0.2.Final.jar:/Users/froberge/.m2/repository/org/junit/platform/junit-platform-launcher/1.7.2/junit-platform-launcher-1.7.2.jar:/Users/froberge/.m2/repository/io/quarkus/quarkus-jsonp-deployment/2.0.2.Final/quarkus-jsonp-deployment-2.0.2.Final.jar:/Users/froberge/.m2/repository/io/quarkus/quarkus-jsonp/2.0.2.Final/quarkus-jsonp-2.0.2.Final.jar:/Users/froberge/.m2/repository/org/glassfish/jakarta.json/1.1.6/jakarta.json-1.1.6.jar:/Users/froberge/.m2/repository/org/jboss/jandex/2.3.0.Final/jandex-2.3.0.Final.jar:/Users/froberge/.m2/repository/org/jboss/logging/commons-logging-jboss-logging/1.0.0.Final/commons-logging-jboss-logging-1.0.0.Final.jar:/Users/froberge/.m2/repository/org/junit/jupiter/junit-jupiter/5.7.2/junit-jupiter-5.7.2.jar:/Users/froberge/.m2/repository/org/junit/jupiter/junit-jupiter-api/5.7.2/junit-jupiter-api-5.7.2.jar:/Users/froberge/.m2/repository/org/apiguardian/apiguardian-api/1.1.0/apiguardian-api-1.1.0.jar:/Users/froberge/.m2/repository/org/opentest4j/opentest4j/1.2.0/opentest4j-1.2.0.jar:/Users/froberge/.m2/repository/org/junit/platform/junit-platform-commons/1.7.2/junit-platform-commons-1.7.2.jar:/Users/froberge/.m2/repository/org/junit/jupiter/junit-jupiter-params/5.7.2/junit-jupiter-params-5.7.2.jar:/Users/froberge/.m2/repository/org/junit/jupiter/junit-jupiter-engine/5.7.2/junit-jupiter-engine-5.7.2.jar:/Users/froberge/.m2/repository/org/junit/platform/junit-platform-engine/1.7.2/junit-platform-engine-1.7.2.jar:/Users/froberge/.m2/repository/com/thoughtworks/xstream/xstream/1.4.17/xstream-1.4.17.jar:/Users/froberge/.m2/repository/io/github/x-stream/mxparser/1.2.1/mxparser-1.2.1.jar:/Users/froberge/.m2/repository/xmlpull/xmlpull/1.1.3.1/xmlpull-1.1.3.1.jar:/Users/froberge/.m2/repository/io/rest-assured/rest-assured/4.4.0/rest-assured-4.4.0.jar:/Users/froberge/.m2/repository/org/codehaus/groovy/groovy/3.0.8/groovy-3.0.8.jar:/Users/froberge/.m2/repository/org/codehaus/groovy/groovy-xml/3.0.8/groovy-xml-3.0.8.jar:/Users/froberge/.m2/repository/org/apache/httpcomponents/httpclient/4.5.13/httpclient-4.5.13.jar:/Users/froberge/.m2/repository/org/apache/httpcomponents/httpcore/4.4.14/httpcore-4.4.14.jar:/Users/froberge/.m2/repository/commons-codec/commons-codec/1.15/commons-codec-1.15.jar:/Users/froberge/.m2/repository/org/apache/httpcomponents/httpmime/4.5.13/httpmime-4.5.13.jar:/Users/froberge/.m2/repository/org/hamcrest/hamcrest/2.1/hamcrest-2.1.jar:/Users/froberge/.m2/repository/org/ccil/cowan/tagsoup/tagsoup/1.2.1/tagsoup-1.2.1.jar:/Users/froberge/.m2/repository/io/rest-assured/json-path/4.4.0/json-path-4.4.0.jar:/Users/froberge/.m2/repository/org/codehaus/groovy/groovy-json/3.0.8/groovy-json-3.0.8.jar:/Users/froberge/.m2/repository/io/rest-assured/rest-assured-common/4.4.0/rest-assured-common-4.4.0.jar:/Users/froberge/.m2/repository/io/rest-assured/xml-path/4.4.0/xml-path-4.4.0.jar:/Users/froberge/.m2/repository/org/apache/commons/commons-lang3/3.12.0/commons-lang3-3.12.0.jar:/Users/froberge/.m2/repository/jakarta/xml/bind/jakarta.xml.bind-api/2.3.3/jakarta.xml.bind-api-2.3.3.jar:/Users/froberge/.m2/repository/jakarta/activation/jakarta.activation-api/1.2.1/jakarta.activation-api-1.2.1.jar:/Users/froberge/.m2/repository/com/sun/xml/bind/jaxb-impl/2.3.3/jaxb-impl-2.3.3.jar:"/>
    <property name="sun.cpu.endian" value="little"/>
    <property name="user.home" value="/Users/froberge"/>
    <property name="user.language" value="en"/>
    <property name="java.specification.vendor" value="Oracle Corporation"/>
    <property name="io.netty.allocator.maxOrder" value="3"/>
    <property name="java.version.date" value="2021-04-20"/>
    <property name="java.home" value="/Library/Java/JavaVirtualMachines/graalvm-ce-java11-21.1.0/Contents/Home"/>
    <property name="org.testcontainers.shaded.io.netty.packagePrefix" value="org.testcontainers.shaded."/>
    <property name="file.separator" value="/"/>
    <property name="basedir" value="/Users/froberge/projects/repository/github/sandbox/user-service-mongodb"/>
    <property name="java.vm.compressedOopsMode" value="Zero based"/>
    <property name="line.separator" value="&#10;"/>
    <property name="jdk.internal.vm.ci.enabled" value="true"/>
    <property name="java.specification.name" value="Java Platform API Specification"/>
    <property name="java.vm.specification.vendor" value="Oracle Corporation"/>
    <property name="java.awt.graphicsenv" value="sun.awt.CGraphicsEnvironment"/>
    <property name="surefire.real.class.path" value="/Users/froberge/projects/repository/github/sandbox/user-service-mongodb/target/surefire/surefirebooter9871842837295723774.jar"/>
    <property name="sun.management.compiler" value="HotSpot 64-Bit Tiered Compilers"/>
    <property name="java.runtime.version" value="11.0.11+8-jvmci-21.1-b05"/>
    <property name="user.name" value="froberge"/>
    <property name="path.separator" value=":"/>
    <property name="os.version" value="11.4"/>
    <property name="java.runtime.name" value="OpenJDK Runtime Environment"/>
    <property name="file.encoding" value="UTF-8"/>
    <property name="jnidispatch.path" value="/Users/froberge/Library/Caches/JNA/temp/jna2427171852028663856.tmp"/>
    <property name="sun.nio.ch.bugLevel" value=""/>
    <property name="java.vm.name" value="OpenJDK 64-Bit Server VM"/>
    <property name="jna.platform.library.path" value="/usr/lib:/usr/lib"/>
    <property name="java.vendor.version" value="GraalVM CE 21.1.0"/>
    <property name="localRepository" value="/Users/froberge/.m2/repository"/>
    <property name="jna.loaded" value="true"/>
    <property name="java.vendor.url.bug" value="https://github.com/oracle/graal/issues"/>
    <property name="java.io.tmpdir" value="/var/folders/5g/j1mm_rr95zx5cmnm1k5rwnrm0000gn/T/"/>
    <property name="quarkus.log.file.path" value="target/quarkus.log"/>
    <property name="java.version" value="11.0.11"/>
    <property name="user.dir" value="/Users/froberge/projects/repository/github/sandbox/user-service-mongodb"/>
    <property name="os.arch" value="x86_64"/>
    <property name="java.vm.specification.name" value="Java Virtual Machine Specification"/>
    <property name="vertx.disableDnsResolver" value="true"/>
    <property name="java.awt.printerjob" value="sun.lwawt.macosx.CPrinterJob"/>
    <property name="sun.os.patch.level" value="unknown"/>
    <property name="java.util.logging.manager" value="org.jboss.logmanager.LogManager"/>
    <property name="java.library.path" value="/Users/froberge/Library/Java/Extensions:/Library/Java/Extensions:/Network/Library/Java/Extensions:/System/Library/Java/Extensions:/usr/lib/java:."/>
    <property name="java.vm.info" value="mixed mode, sharing"/>
    <property name="java.vendor" value="GraalVM Community"/>
    <property name="java.vm.version" value="11.0.11+8-jvmci-21.1-b05"/>
    <property name="sun.io.unicode.encoding" value="UnicodeBig"/>
    <property name="io.netty.machineId" value="4f:9d:61:0c:63:7e:ff:e7"/>
    <property name="java.class.version" value="55.0"/>
  </properties>
  <testcase name="testHelloEndpoint" classname="com.thecat.user.endpoint.UserResourceTest" time="1.477">
    <system-out><![CDATA[2021-07-21 14:28:56,306 INFO  [org.tes.doc.DockerClientProviderStrategy] (build-8) Loaded org.testcontainers.dockerclient.UnixSocketClientProviderStrategy from ~/.testcontainers.properties, will try it first
2021-07-21 14:28:56,767 INFO  [org.tes.doc.DockerClientProviderStrategy] (build-8) Found Docker environment with local Unix socket (unix:///var/run/docker.sock)
2021-07-21 14:28:56,768 INFO  [org.tes.DockerClientFactory] (build-8) Docker host IP address is localhost
2021-07-21 14:28:56,804 INFO  [org.tes.DockerClientFactory] (build-8) Connected to docker: 
  Server Version: 20.10.7
  API Version: 1.41
  Operating System: Docker Desktop
  Total Memory: 5945 MB
2021-07-21 14:28:56,806 INFO  [org.tes.uti.ImageNameSubstitutor] (build-8) Image name substitution will be performed by: DefaultImageNameSubstitutor (composite of 'ConfigurationFileImageNameSubstitutor' and 'PrefixingImageNameSubstitutor')
2021-07-21 14:28:56,957 INFO  [org.tes.uti.RegistryAuthLocator] (build-8) Credential helper/store (docker-credential-desktop) does not have credentials for index.docker.io
2021-07-21 14:28:58,468 INFO  [org.tes.DockerClientFactory] (build-8) Ryuk started - will monitor and terminate Testcontainers containers on JVM exit
2021-07-21 14:28:58,468 INFO  [org.tes.DockerClientFactory] (build-8) Checking the system...
2021-07-21 14:28:58,469 INFO  [org.tes.DockerClientFactory] (build-8) ✔︎ Docker server version should be at least 1.6.0
2021-07-21 14:28:58,602 INFO  [org.tes.DockerClientFactory] (build-8) ✔︎ Docker environment should have more than 2GB free disk space
2021-07-21 14:28:58,618 INFO  [🐳 .0.10]] (build-8) Creating container for image: mongo:4.0.10
2021-07-21 14:28:58,694 INFO  [🐳 .0.10]] (build-8) Starting container with ID: fcf3f2f3e600ecf90788f715da4a8fe1e9843396279123bc08738366231b692b
2021-07-21 14:29:00,043 INFO  [🐳 .0.10]] (build-8) Container mongo:4.0.10 is starting: fcf3f2f3e600ecf90788f715da4a8fe1e9843396279123bc08738366231b692b
2021-07-21 14:29:00,782 INFO  [🐳 .0.10]] (build-8) Container mongo:4.0.10 started in PT2.178879S
2021-07-21 14:29:04,025 INFO  [org.mon.dri.cluster] (main) Cluster created with settings {hosts=[localhost:55036], mode=SINGLE, requiredClusterType=UNKNOWN, serverSelectionTimeout='30000 ms'}
2021-07-21 14:29:04,055 INFO  [org.mon.dri.cluster] (main) Cluster created with settings {hosts=[localhost:55036], mode=SINGLE, requiredClusterType=UNKNOWN, serverSelectionTimeout='30000 ms'}
2021-07-21 14:29:04,091 INFO  [org.mon.dri.connection] (cluster-ClusterId{value='60f8677056363b29b24a8cff', description='null'}-localhost:55036) Opened connection [connectionId{localValue:1, serverValue:3}] to localhost:55036
2021-07-21 14:29:04,092 INFO  [org.mon.dri.connection] (cluster-rtt-ClusterId{value='60f8677056363b29b24a8cff', description='null'}-localhost:55036) Opened connection [connectionId{localValue:2, serverValue:4}] to localhost:55036
2021-07-21 14:29:04,099 INFO  [org.mon.dri.cluster] (cluster-ClusterId{value='60f8677056363b29b24a8cff', description='null'}-localhost:55036) Monitor thread successfully connected to server with description ServerDescription{address=localhost:55036, type=REPLICA_SET_PRIMARY, state=CONNECTED, ok=true, minWireVersion=0, maxWireVersion=7, maxDocumentSize=16777216, logicalSessionTimeoutMinutes=30, roundTripTimeNanos=26785689, setName='docker-rs', canonicalAddress=fcf3f2f3e600:27017, hosts=[fcf3f2f3e600:27017], passives=[], arbiters=[], primary='fcf3f2f3e600:27017', tagSet=TagSet{[]}, electionId=7fffffff0000000000000001, setVersion=1, topologyVersion=null, lastWriteDate=Wed Jul 21 14:29:03 EDT 2021, lastUpdateTimeNanos=860996158548412}
2021-07-21 14:29:04,101 INFO  [org.mon.dri.connection] (cluster-ClusterId{value='60f8677056363b29b24a8d00', description='null'}-localhost:55036) Opened connection [connectionId{localValue:3, serverValue:6}] to localhost:55036
2021-07-21 14:29:04,101 INFO  [org.mon.dri.connection] (cluster-rtt-ClusterId{value='60f8677056363b29b24a8d00', description='null'}-localhost:55036) Opened connection [connectionId{localValue:4, serverValue:5}] to localhost:55036
2021-07-21 14:29:04,101 INFO  [org.mon.dri.cluster] (cluster-ClusterId{value='60f8677056363b29b24a8d00', description='null'}-localhost:55036) Monitor thread successfully connected to server with description ServerDescription{address=localhost:55036, type=REPLICA_SET_PRIMARY, state=CONNECTED, ok=true, minWireVersion=0, maxWireVersion=7, maxDocumentSize=16777216, logicalSessionTimeoutMinutes=30, roundTripTimeNanos=8230799, setName='docker-rs', canonicalAddress=fcf3f2f3e600:27017, hosts=[fcf3f2f3e600:27017], passives=[], arbiters=[], primary='fcf3f2f3e600:27017', tagSet=TagSet{[]}, electionId=7fffffff0000000000000001, setVersion=1, topologyVersion=null, lastWriteDate=Wed Jul 21 14:29:03 EDT 2021, lastUpdateTimeNanos=860996169501145}
2021-07-21 14:29:04,286 INFO  [io.quarkus] (main) Quarkus 2.0.2.Final on JVM started in 9.318s. Listening on: http://localhost:8081
2021-07-21 14:29:04,286 INFO  [io.quarkus] (main) Profile test activated. 
2021-07-21 14:29:04,286 INFO  [io.quarkus] (main) Installed features: [cdi, mongodb-client, mongodb-panache, narayana-jta, resteasy, resteasy-jackson, smallrye-context-propagation]
]]></system-out>
  </testcase>
</testsuite>